<?xml version="1.0" encoding="UTF-8" standalone="no"?>
<!DOCTYPE log SYSTEM "logger.dtd">
<log>
<record>
  <date>2018-12-19T08:37:07</date>
  <millis>1545226627644</millis>
  <sequence>0</sequence>
  <level>START</level>
  <class>com.kms.katalon.core.logging.KeywordLogger</class>
  <method>startSuite</method>
  <thread>1</thread>
  <message>Start Test Suite : Test Suites/Learning/Web Services</message>
  <nestedLevel>0</nestedLevel>
  <property name="name">Web Services</property>
  <property name="description"></property>
  <property name="id">Test Suites/Learning/Web Services</property>
</record>
<record>
  <date>2018-12-19T08:37:07</date>
  <millis>1545226627670</millis>
  <sequence>1</sequence>
  <level>RUN_DATA</level>
  <class>com.kms.katalon.core.logging.KeywordLogger</class>
  <method>logMessage</method>
  <thread>1</thread>
  <message>Logging run data &amp;apos;hostName&amp;apos; with value &amp;apos;fdiazp - 7PH2BL2.itcol.com&amp;apos;</message>
  <nestedLevel>0</nestedLevel>
  <property name="hostName">fdiazp - 7PH2BL2.itcol.com</property>
</record>
<record>
  <date>2018-12-19T08:37:07</date>
  <millis>1545226627672</millis>
  <sequence>2</sequence>
  <level>RUN_DATA</level>
  <class>com.kms.katalon.core.logging.KeywordLogger</class>
  <method>logMessage</method>
  <thread>1</thread>
  <message>Logging run data &amp;apos;os&amp;apos; with value &amp;apos;Windows 10 64bit&amp;apos;</message>
  <nestedLevel>0</nestedLevel>
  <property name="os">Windows 10 64bit</property>
</record>
<record>
  <date>2018-12-19T08:37:07</date>
  <millis>1545226627673</millis>
  <sequence>3</sequence>
  <level>RUN_DATA</level>
  <class>com.kms.katalon.core.logging.KeywordLogger</class>
  <method>logMessage</method>
  <thread>1</thread>
  <message>Logging run data &amp;apos;hostAddress&amp;apos; with value &amp;apos;192.168.56.1&amp;apos;</message>
  <nestedLevel>0</nestedLevel>
  <property name="hostAddress">192.168.56.1</property>
</record>
<record>
  <date>2018-12-19T08:37:07</date>
  <millis>1545226627674</millis>
  <sequence>4</sequence>
  <level>RUN_DATA</level>
  <class>com.kms.katalon.core.logging.KeywordLogger</class>
  <method>logMessage</method>
  <thread>1</thread>
  <message>Logging run data &amp;apos;katalonVersion&amp;apos; with value &amp;apos;5.8.6.1&amp;apos;</message>
  <nestedLevel>0</nestedLevel>
  <property name="katalonVersion">5.8.6.1</property>
</record>
<record>
  <date>2018-12-19T08:37:08</date>
  <millis>1545226628086</millis>
  <sequence>5</sequence>
  <level>START</level>
  <class>com.kms.katalon.core.logging.KeywordLogger</class>
  <method>startTest</method>
  <thread>1</thread>
  <message>Start Test Case : Test Cases/listUserTest/listUser</message>
  <nestedLevel>1</nestedLevel>
  <property name="name">Test Cases/listUserTest/listUser</property>
  <property name="description"></property>
  <property name="id">Test Cases/listUserTest/listUser</property>
  <property name="source">C:\\Users\\fdiazp\\Documents\\Katalon studio\\Projects\\LearningWS\\Test Cases\\listUserTest\\listUser.tc</property>
  <property name="isOptional">false</property>
</record>
<record>
  <date>2018-12-19T08:37:08</date>
  <millis>1545226628119</millis>
  <sequence>6</sequence>
  <level>INFO</level>
  <class>com.kms.katalon.core.logging.KeywordLogger</class>
  <method>logMessage</method>
  <thread>1</thread>
  <message>Evaluating variables for test case</message>
  <nestedLevel>1</nestedLevel>
</record>
<record>
  <date>2018-12-19T08:37:08</date>
  <millis>1545226628772</millis>
  <sequence>7</sequence>
  <level>START</level>
  <class>com.kms.katalon.core.logging.KeywordLogger</class>
  <method>startKeyword</method>
  <thread>1</thread>
  <message>Start action : sendRequest</message>
  <nestedLevel>1</nestedLevel>
  <property name="startLine">17</property>
  <property name="stepIndex">1</property>
</record>
<record>
  <date>2018-12-19T08:37:08</date>
  <millis>1545226628783</millis>
  <sequence>8</sequence>
  <level>INFO</level>
  <class>com.kms.katalon.core.logging.KeywordLogger</class>
  <method>logMessage</method>
  <thread>1</thread>
  <message>Finding Test Object with id &amp;apos;Object Repository/userRestService/listUser&amp;apos;</message>
  <nestedLevel>1</nestedLevel>
</record>
<record>
  <date>2018-12-19T08:37:08</date>
  <millis>1545226628851</millis>
  <sequence>9</sequence>
  <level>INFO</level>
  <class>com.kms.katalon.core.logging.KeywordLogger</class>
  <method>logMessage</method>
  <thread>1</thread>
  <message>Checking request object</message>
  <nestedLevel>1</nestedLevel>
</record>
<record>
  <date>2018-12-19T08:37:10</date>
  <millis>1545226630423</millis>
  <sequence>10</sequence>
  <level>PASSED</level>
  <class>com.kms.katalon.core.logging.KeywordLogger</class>
  <method>logMessage</method>
  <thread>1</thread>
  <message>Send request successfully</message>
  <nestedLevel>1</nestedLevel>
</record>
<record>
  <date>2018-12-19T08:37:10</date>
  <millis>1545226630424</millis>
  <sequence>11</sequence>
  <level>END</level>
  <class>com.kms.katalon.core.logging.KeywordLogger</class>
  <method>endKeyword</method>
  <thread>1</thread>
  <message>End action : sendRequest</message>
  <nestedLevel>1</nestedLevel>
</record>
<record>
  <date>2018-12-19T08:37:10</date>
  <millis>1545226630426</millis>
  <sequence>12</sequence>
  <level>START</level>
  <class>com.kms.katalon.core.logging.KeywordLogger</class>
  <method>startKeyword</method>
  <thread>1</thread>
  <message>Start action : Statement - response = com.kms.katalon.core.webservice.keyword.WSBuiltInKeywords.sendRequestAndVerify(com.kms.katalon.core.testobject.ObjectRepository.findTestObject(userRestService/listUser))</message>
  <nestedLevel>1</nestedLevel>
  <property name="startLine">19</property>
  <property name="stepIndex">2</property>
</record>
<record>
  <date>2018-12-19T08:37:10</date>
  <millis>1545226630427</millis>
  <sequence>13</sequence>
  <level>INFO</level>
  <class>com.kms.katalon.core.logging.KeywordLogger</class>
  <method>logMessage</method>
  <thread>1</thread>
  <message>Finding Test Object with id &amp;apos;Object Repository/userRestService/listUser&amp;apos;</message>
  <nestedLevel>1</nestedLevel>
</record>
<record>
  <date>2018-12-19T08:37:10</date>
  <millis>1545226630466</millis>
  <sequence>14</sequence>
  <level>INFO</level>
  <class>com.kms.katalon.core.logging.KeywordLogger</class>
  <method>logMessage</method>
  <thread>1</thread>
  <message>Checking request object</message>
  <nestedLevel>1</nestedLevel>
</record>
<record>
  <date>2018-12-19T08:37:10</date>
  <millis>1545226630828</millis>
  <sequence>15</sequence>
  <level>INFO</level>
  <class>com.kms.katalon.core.logging.KeywordLogger</class>
  <method>logMessage</method>
  <thread>1</thread>
  <message>Start verifying response</message>
  <nestedLevel>1</nestedLevel>
</record>
<record>
  <date>2018-12-19T08:37:10</date>
  <millis>1545226630899</millis>
  <sequence>16</sequence>
  <level>START</level>
  <class>com.kms.katalon.core.logging.KeywordLogger</class>
  <method>startTest</method>
  <thread>1</thread>
  <message>Start Test Case : Verification</message>
  <nestedLevel>2</nestedLevel>
</record>
<record>
  <date>2018-12-19T08:37:11</date>
  <millis>1545226631242</millis>
  <sequence>17</sequence>
  <level>START</level>
  <class>com.kms.katalon.core.logging.KeywordLogger</class>
  <method>startKeyword</method>
  <thread>1</thread>
  <message>Start action : Statement - request = com.kms.katalon.core.webservice.verification.WSResponseManager.getInstance().getCurrentRequest()</message>
  <nestedLevel>1</nestedLevel>
  <property name="startLine">11</property>
  <property name="stepIndex">1</property>
</record>
<record>
  <date>2018-12-19T08:37:11</date>
  <millis>1545226631263</millis>
  <sequence>18</sequence>
  <level>END</level>
  <class>com.kms.katalon.core.logging.KeywordLogger</class>
  <method>endKeyword</method>
  <thread>1</thread>
  <message>End action : Statement - request = com.kms.katalon.core.webservice.verification.WSResponseManager.getInstance().getCurrentRequest()</message>
  <nestedLevel>1</nestedLevel>
</record>
<record>
  <date>2018-12-19T08:37:11</date>
  <millis>1545226631265</millis>
  <sequence>19</sequence>
  <level>START</level>
  <class>com.kms.katalon.core.logging.KeywordLogger</class>
  <method>startKeyword</method>
  <thread>1</thread>
  <message>Start action : Statement - response = com.kms.katalon.core.webservice.verification.WSResponseManager.getInstance().getCurrentResponse()</message>
  <nestedLevel>1</nestedLevel>
  <property name="startLine">13</property>
  <property name="stepIndex">2</property>
</record>
<record>
  <date>2018-12-19T08:37:11</date>
  <millis>1545226631268</millis>
  <sequence>20</sequence>
  <level>END</level>
  <class>com.kms.katalon.core.logging.KeywordLogger</class>
  <method>endKeyword</method>
  <thread>1</thread>
  <message>End action : Statement - response = com.kms.katalon.core.webservice.verification.WSResponseManager.getInstance().getCurrentResponse()</message>
  <nestedLevel>1</nestedLevel>
</record>
<record>
  <date>2018-12-19T08:37:11</date>
  <millis>1545226631269</millis>
  <sequence>21</sequence>
  <level>START</level>
  <class>com.kms.katalon.core.logging.KeywordLogger</class>
  <method>startKeyword</method>
  <thread>1</thread>
  <message>Start action : verifyResponseStatusCode</message>
  <nestedLevel>1</nestedLevel>
  <property name="startLine">15</property>
  <property name="stepIndex">3</property>
</record>
<record>
  <date>2018-12-19T08:37:11</date>
  <millis>1545226631335</millis>
  <sequence>22</sequence>
  <level>INFO</level>
  <class>com.kms.katalon.core.logging.KeywordLogger</class>
  <method>logMessage</method>
  <thread>1</thread>
  <message>Checking response object</message>
  <nestedLevel>2</nestedLevel>
</record>
<record>
  <date>2018-12-19T08:37:11</date>
  <millis>1545226631336</millis>
  <sequence>23</sequence>
  <level>PASSED</level>
  <class>com.kms.katalon.core.logging.KeywordLogger</class>
  <method>logMessage</method>
  <thread>1</thread>
  <message>Verify response status code successfully</message>
  <nestedLevel>2</nestedLevel>
</record>
<record>
  <date>2018-12-19T08:37:11</date>
  <millis>1545226631340</millis>
  <sequence>24</sequence>
  <level>END</level>
  <class>com.kms.katalon.core.logging.KeywordLogger</class>
  <method>endKeyword</method>
  <thread>1</thread>
  <message>End action : verifyResponseStatusCode</message>
  <nestedLevel>1</nestedLevel>
</record>
<record>
  <date>2018-12-19T08:37:11</date>
  <millis>1545226631346</millis>
  <sequence>25</sequence>
  <level>START</level>
  <class>com.kms.katalon.core.logging.KeywordLogger</class>
  <method>startKeyword</method>
  <thread>1</thread>
  <message>Start action : Statement - org.assertj.core.api.Assertions.assertThat(response.getStatusCode()).isEqualTo(200)</message>
  <nestedLevel>1</nestedLevel>
  <property name="startLine">17</property>
  <property name="stepIndex">4</property>
</record>
<record>
  <date>2018-12-19T08:37:11</date>
  <millis>1545226631479</millis>
  <sequence>26</sequence>
  <level>END</level>
  <class>com.kms.katalon.core.logging.KeywordLogger</class>
  <method>endKeyword</method>
  <thread>1</thread>
  <message>End action : Statement - org.assertj.core.api.Assertions.assertThat(response.getStatusCode()).isEqualTo(200)</message>
  <nestedLevel>1</nestedLevel>
</record>
<record>
  <date>2018-12-19T08:37:11</date>
  <millis>1545226631481</millis>
  <sequence>27</sequence>
  <level>START</level>
  <class>com.kms.katalon.core.logging.KeywordLogger</class>
  <method>startKeyword</method>
  <thread>1</thread>
  <message>Start action : verifyElementPropertyValue</message>
  <nestedLevel>1</nestedLevel>
  <property name="startLine">19</property>
  <property name="stepIndex">5</property>
</record>
<record>
  <date>2018-12-19T08:37:11</date>
  <millis>1545226631497</millis>
  <sequence>28</sequence>
  <level>INFO</level>
  <class>com.kms.katalon.core.logging.KeywordLogger</class>
  <method>logMessage</method>
  <thread>1</thread>
  <message>Checking response object</message>
  <nestedLevel>2</nestedLevel>
</record>
<record>
  <date>2018-12-19T08:37:11</date>
  <millis>1545226631562</millis>
  <sequence>29</sequence>
  <level>PASSED</level>
  <class>com.kms.katalon.core.logging.KeywordLogger</class>
  <method>logMessage</method>
  <thread>1</thread>
  <message>Verify element property value successfully</message>
  <nestedLevel>2</nestedLevel>
</record>
<record>
  <date>2018-12-19T08:37:11</date>
  <millis>1545226631565</millis>
  <sequence>30</sequence>
  <level>END</level>
  <class>com.kms.katalon.core.logging.KeywordLogger</class>
  <method>endKeyword</method>
  <thread>1</thread>
  <message>End action : verifyElementPropertyValue</message>
  <nestedLevel>1</nestedLevel>
</record>
<record>
  <date>2018-12-19T08:37:11</date>
  <millis>1545226631566</millis>
  <sequence>31</sequence>
  <level>PASSED</level>
  <class>com.kms.katalon.core.logging.KeywordLogger</class>
  <method>logMessage</method>
  <thread>1</thread>
  <message>Verification accomplished successfully</message>
  <nestedLevel>2</nestedLevel>
</record>
<record>
  <date>2018-12-19T08:37:11</date>
  <millis>1545226631567</millis>
  <sequence>32</sequence>
  <level>END</level>
  <class>com.kms.katalon.core.logging.KeywordLogger</class>
  <method>endTest</method>
  <thread>1</thread>
  <message>End Test Case : Verification</message>
  <nestedLevel>1</nestedLevel>
</record>
<record>
  <date>2018-12-19T08:37:11</date>
  <millis>1545226631645</millis>
  <sequence>33</sequence>
  <level>PASSED</level>
  <class>com.kms.katalon.core.logging.KeywordLogger</class>
  <method>logMessage</method>
  <thread>1</thread>
  <message>Verify response successfully</message>
  <nestedLevel>1</nestedLevel>
</record>
<record>
  <date>2018-12-19T08:37:11</date>
  <millis>1545226631647</millis>
  <sequence>34</sequence>
  <level>PASSED</level>
  <class>com.kms.katalon.core.logging.KeywordLogger</class>
  <method>logMessage</method>
  <thread>1</thread>
  <message>Send request and verify the response successfully</message>
  <nestedLevel>1</nestedLevel>
</record>
<record>
  <date>2018-12-19T08:37:11</date>
  <millis>1545226631650</millis>
  <sequence>35</sequence>
  <level>END</level>
  <class>com.kms.katalon.core.logging.KeywordLogger</class>
  <method>endKeyword</method>
  <thread>1</thread>
  <message>End action : Statement - response = com.kms.katalon.core.webservice.keyword.WSBuiltInKeywords.sendRequestAndVerify(com.kms.katalon.core.testobject.ObjectRepository.findTestObject(userRestService/listUser))</message>
  <nestedLevel>1</nestedLevel>
</record>
<record>
  <date>2018-12-19T08:37:11</date>
  <millis>1545226631651</millis>
  <sequence>36</sequence>
  <level>START</level>
  <class>com.kms.katalon.core.logging.KeywordLogger</class>
  <method>startKeyword</method>
  <thread>1</thread>
  <message>Start action : verifyElementPropertyValue</message>
  <nestedLevel>1</nestedLevel>
  <property name="startLine">21</property>
  <property name="stepIndex">3</property>
</record>
<record>
  <date>2018-12-19T08:37:11</date>
  <millis>1545226631661</millis>
  <sequence>37</sequence>
  <level>INFO</level>
  <class>com.kms.katalon.core.logging.KeywordLogger</class>
  <method>logMessage</method>
  <thread>1</thread>
  <message>Checking response object</message>
  <nestedLevel>1</nestedLevel>
</record>
<record>
  <date>2018-12-19T08:37:11</date>
  <millis>1545226631692</millis>
  <sequence>38</sequence>
  <level>PASSED</level>
  <class>com.kms.katalon.core.logging.KeywordLogger</class>
  <method>logMessage</method>
  <thread>1</thread>
  <message>Verify element property value successfully</message>
  <nestedLevel>1</nestedLevel>
</record>
<record>
  <date>2018-12-19T08:37:11</date>
  <millis>1545226631693</millis>
  <sequence>39</sequence>
  <level>END</level>
  <class>com.kms.katalon.core.logging.KeywordLogger</class>
  <method>endKeyword</method>
  <thread>1</thread>
  <message>End action : verifyElementPropertyValue</message>
  <nestedLevel>1</nestedLevel>
</record>
<record>
  <date>2018-12-19T08:37:11</date>
  <millis>1545226631694</millis>
  <sequence>40</sequence>
  <level>START</level>
  <class>com.kms.katalon.core.logging.KeywordLogger</class>
  <method>startKeyword</method>
  <thread>1</thread>
  <message>Start action : verifyElementPropertyValue</message>
  <nestedLevel>1</nestedLevel>
  <property name="startLine">23</property>
  <property name="stepIndex">4</property>
</record>
<record>
  <date>2018-12-19T08:37:11</date>
  <millis>1545226631695</millis>
  <sequence>41</sequence>
  <level>INFO</level>
  <class>com.kms.katalon.core.logging.KeywordLogger</class>
  <method>logMessage</method>
  <thread>1</thread>
  <message>Checking response object</message>
  <nestedLevel>1</nestedLevel>
</record>
<record>
  <date>2018-12-19T08:37:11</date>
  <millis>1545226631726</millis>
  <sequence>42</sequence>
  <level>PASSED</level>
  <class>com.kms.katalon.core.logging.KeywordLogger</class>
  <method>logMessage</method>
  <thread>1</thread>
  <message>Verify element property value successfully</message>
  <nestedLevel>1</nestedLevel>
</record>
<record>
  <date>2018-12-19T08:37:11</date>
  <millis>1545226631729</millis>
  <sequence>43</sequence>
  <level>END</level>
  <class>com.kms.katalon.core.logging.KeywordLogger</class>
  <method>endKeyword</method>
  <thread>1</thread>
  <message>End action : verifyElementPropertyValue</message>
  <nestedLevel>1</nestedLevel>
</record>
<record>
  <date>2018-12-19T08:37:11</date>
  <millis>1545226631729</millis>
  <sequence>44</sequence>
  <level>START</level>
  <class>com.kms.katalon.core.logging.KeywordLogger</class>
  <method>startKeyword</method>
  <thread>1</thread>
  <message>Start action : verifyElementsCount</message>
  <nestedLevel>1</nestedLevel>
  <property name="startLine">25</property>
  <property name="stepIndex">5</property>
</record>
<record>
  <date>2018-12-19T08:37:11</date>
  <millis>1545226631742</millis>
  <sequence>45</sequence>
  <level>INFO</level>
  <class>com.kms.katalon.core.logging.KeywordLogger</class>
  <method>logMessage</method>
  <thread>1</thread>
  <message>Checking response object</message>
  <nestedLevel>1</nestedLevel>
</record>
<record>
  <date>2018-12-19T08:37:11</date>
  <millis>1545226631771</millis>
  <sequence>46</sequence>
  <level>PASSED</level>
  <class>com.kms.katalon.core.logging.KeywordLogger</class>
  <method>logMessage</method>
  <thread>1</thread>
  <message>Verify element count successfully</message>
  <nestedLevel>1</nestedLevel>
</record>
<record>
  <date>2018-12-19T08:37:11</date>
  <millis>1545226631772</millis>
  <sequence>47</sequence>
  <level>END</level>
  <class>com.kms.katalon.core.logging.KeywordLogger</class>
  <method>endKeyword</method>
  <thread>1</thread>
  <message>End action : verifyElementsCount</message>
  <nestedLevel>1</nestedLevel>
</record>
<record>
  <date>2018-12-19T08:37:11</date>
  <millis>1545226631773</millis>
  <sequence>48</sequence>
  <level>START</level>
  <class>com.kms.katalon.core.logging.KeywordLogger</class>
  <method>startKeyword</method>
  <thread>1</thread>
  <message>Start action : verifyResponseStatusCodeInRange</message>
  <nestedLevel>1</nestedLevel>
  <property name="startLine">27</property>
  <property name="stepIndex">6</property>
</record>
<record>
  <date>2018-12-19T08:37:11</date>
  <millis>1545226631785</millis>
  <sequence>49</sequence>
  <level>INFO</level>
  <class>com.kms.katalon.core.logging.KeywordLogger</class>
  <method>logMessage</method>
  <thread>1</thread>
  <message>Checking response object</message>
  <nestedLevel>1</nestedLevel>
</record>
<record>
  <date>2018-12-19T08:37:11</date>
  <millis>1545226631786</millis>
  <sequence>50</sequence>
  <level>PASSED</level>
  <class>com.kms.katalon.core.logging.KeywordLogger</class>
  <method>logMessage</method>
  <thread>1</thread>
  <message>Verify response status code successfully</message>
  <nestedLevel>1</nestedLevel>
</record>
<record>
  <date>2018-12-19T08:37:11</date>
  <millis>1545226631788</millis>
  <sequence>51</sequence>
  <level>END</level>
  <class>com.kms.katalon.core.logging.KeywordLogger</class>
  <method>endKeyword</method>
  <thread>1</thread>
  <message>End action : verifyResponseStatusCodeInRange</message>
  <nestedLevel>1</nestedLevel>
</record>
<record>
  <date>2018-12-19T08:37:11</date>
  <millis>1545226631791</millis>
  <sequence>52</sequence>
  <level>PASSED</level>
  <class>com.kms.katalon.core.logging.KeywordLogger</class>
  <method>logMessage</method>
  <thread>1</thread>
  <message>Test Cases/listUserTest/listUser</message>
  <nestedLevel>1</nestedLevel>
</record>
<record>
  <date>2018-12-19T08:37:11</date>
  <millis>1545226631791</millis>
  <sequence>53</sequence>
  <level>END</level>
  <class>com.kms.katalon.core.logging.KeywordLogger</class>
  <method>endTest</method>
  <thread>1</thread>
  <message>End Test Case : Test Cases/listUserTest/listUser</message>
  <nestedLevel>0</nestedLevel>
</record>
<record>
  <date>2018-12-19T08:37:11</date>
  <millis>1545226631848</millis>
  <sequence>54</sequence>
  <level>END</level>
  <class>com.kms.katalon.core.logging.KeywordLogger</class>
  <method>endSuite</method>
  <thread>1</thread>
  <message>End Test Suite : Test Suites/Learning/Web Services</message>
  <nestedLevel>0</nestedLevel>
</record>
</log>
